[00:06:58] auto commit
[00:06:58] maxCommitCount：5
[00:07:01] auto commit succeed
[00:09:07][error] 获取更新失败~
[00:09:07][error] Error: ERROR: internal error performing authentication
fatal: Could not read from remote repository.

Please make sure you have the correct access rights
and the repository exists.
[00:09:07] auto commit
[00:09:07] maxCommitCount：5
[00:09:09] auto commit succeed
[00:11:12] auto commit
[00:11:12] maxCommitCount：5
[00:11:14] auto commit succeed
[00:13:17] auto commit
[00:13:17] maxCommitCount：5
[00:13:19] auto commit succeed
[00:15:21] auto commit
[00:15:21] maxCommitCount：5
[00:15:24] auto commit succeed
