[00:09:50] auto commit
[00:09:50] maxCommitCount：3
[10:08:37] auto commit
[10:08:37] maxCommitCount：9
[10:08:41] auto commit succeed
[10:10:44] auto commit
[10:10:44] maxCommitCount：9
[10:10:48] auto commit succeed
[10:12:56] auto commit
[10:12:56] maxCommitCount：9
[10:13:00] auto commit succeed
[10:15:04] auto commit
[10:15:04] maxCommitCount：9
[10:15:10] auto commit succeed
[10:17:16][error] 获取更新失败~
[10:17:16][error] Error: 提示：不建议在没有为偏离分支指定合并策略时执行 pull 操作。 您可以在执行下一次
提示：pull 操作之前执行下面一条命令来抑制本消息：
提示：
提示：  git config pull.rebase false  # 合并（缺省策略）
提示：  git config pull.rebase true   # 变基
提示：  git config pull.ff only       # 仅快进
提示：
提示：您可以将 "git config" 替换为 "git config --global" 以便为所有仓库设置
提示：缺省的配置项。您也可以在每次执行 pull 命令时添加 --rebase、--no-rebase，
提示：或者 --ff-only 参数覆盖缺省设置。
kex_exchange_identification: read: Connection reset by peer
Connection reset by 198.18.10.116 port 22
fatal: 无法读取远程仓库。

请确认您有正确的访问权限并且仓库存在。
[10:17:16] auto commit
[10:17:16] maxCommitCount：9
[10:17:20] auto commit succeed
[10:19:23] auto commit
[10:19:23] maxCommitCount：9
[10:19:29] auto commit succeed
[10:21:35] auto commit
[10:21:35] maxCommitCount：9
[10:21:40] auto commit succeed
[10:23:46] auto commit
[10:23:46] maxCommitCount：9
[10:23:53] auto commit succeed
[10:25:57] auto commit
[10:25:57] maxCommitCount：9
[10:26:01] auto commit succeed
