[00:00:22] auto commit
[00:00:22] maxCommitCount：5
[00:00:26] auto commit succeed
[00:02:31] auto commit
[00:02:31] maxCommitCount：5
[00:02:36] auto commit succeed
[00:04:41] auto commit
[00:04:41] maxCommitCount：5
[00:04:45] auto commit succeed
[00:07:46][error] 获取更新失败~
[00:07:46][error] Error: 提示：不建议在没有为偏离分支指定合并策略时执行 pull 操作。 您可以在执行下一次
提示：pull 操作之前执行下面一条命令来抑制本消息：
提示：
提示：  git config pull.rebase false  # 合并（缺省策略）
提示：  git config pull.rebase true   # 变基
提示：  git config pull.ff only       # 仅快进
提示：
提示：您可以将 "git config" 替换为 "git config --global" 以便为所有仓库设置
提示：缺省的配置项。您也可以在每次执行 pull 命令时添加 --rebase、--no-rebase，
提示：或者 --ff-only 参数覆盖缺省设置。
Connection closed by 198.18.0.43 port 22
fatal: 无法读取远程仓库。

请确认您有正确的访问权限并且仓库存在。
[00:07:46] auto commit
[00:07:46] maxCommitCount：5
[00:07:51] auto commit succeed
[00:09:56] auto commit
[00:09:56] maxCommitCount：5
[00:10:00] auto commit succeed
[00:12:05] auto commit
[00:12:05] maxCommitCount：5
[00:12:09] auto commit succeed
[09:42:19] auto commit
[09:42:19] maxCommitCount：4
[09:42:23] auto commit succeed
[09:44:27] auto commit
[09:44:27] maxCommitCount：4
[09:44:31] auto commit succeed
[09:46:35] auto commit
[09:46:35] maxCommitCount：4
[09:46:38] auto commit succeed
[09:48:42] auto commit
[09:48:42] maxCommitCount：4
[09:48:46] auto commit succeed
[09:50:50] auto commit
[09:50:50] maxCommitCount：4
[09:50:54] auto commit succeed
