[00:09:48] auto commit
[00:09:48] maxCommitCount：9
[00:09:51] auto commit succeed
[00:11:55] auto commit
[00:11:55] maxCommitCount：9
[00:11:58] auto commit succeed
[00:14:02] auto commit
[00:14:02] maxCommitCount：9
[00:14:05] auto commit succeed
[00:16:08] auto commit
[00:16:08] maxCommitCount：9
[00:16:12] auto commit succeed
[00:18:15] auto commit
[00:18:15] maxCommitCount：9
[00:18:19] auto commit succeed
[00:22:29][error] 获取更新失败~
[00:22:29][error] Error: 提示：不建议在没有为偏离分支指定合并策略时执行 pull 操作。 您可以在执行下一次
提示：pull 操作之前执行下面一条命令来抑制本消息：
提示：
提示：  git config pull.rebase false  # 合并（缺省策略）
提示：  git config pull.rebase true   # 变基
提示：  git config pull.ff only       # 仅快进
提示：
提示：您可以将 "git config" 替换为 "git config --global" 以便为所有仓库设置
提示：缺省的配置项。您也可以在每次执行 pull 命令时添加 --rebase、--no-rebase，
提示：或者 --ff-only 参数覆盖缺省设置。
ssh: connect to host github.com port 22: Connection timed out
fatal: 无法读取远程仓库。

请确认您有正确的访问权限并且仓库存在。
[00:22:29] auto commit
[00:22:29] maxCommitCount：9
[00:22:32] auto commit succeed
