[10:46:10] auto commit
[10:46:10] maxCommitCount：9
[15:45:30] auto commit
[15:45:30] maxCommitCount：8
[15:45:35] auto commit succeed
[15:48:03] auto commit
[15:48:03] maxCommitCount：4
[15:48:08] auto commit succeed
[15:50:15] auto commit
[15:50:15] maxCommitCount：4
[15:50:19] auto commit succeed
[15:52:23] auto commit
[15:52:23] maxCommitCount：4
[15:52:28] auto commit succeed
[15:55:28][error] 获取更新失败~
[15:55:28][error] Error: 提示：不建议在没有为偏离分支指定合并策略时执行 pull 操作。 您可以在执行下一次
提示：pull 操作之前执行下面一条命令来抑制本消息：
提示：
提示：  git config pull.rebase false  # 合并（缺省策略）
提示：  git config pull.rebase true   # 变基
提示：  git config pull.ff only       # 仅快进
提示：
提示：您可以将 "git config" 替换为 "git config --global" 以便为所有仓库设置
提示：缺省的配置项。您也可以在每次执行 pull 命令时添加 --rebase、--no-rebase，
提示：或者 --ff-only 参数覆盖缺省设置。
kex_exchange_identification: Connection closed by remote host
Connection closed by 198.18.10.116 port 22
fatal: 无法读取远程仓库。

请确认您有正确的访问权限并且仓库存在。
[15:55:28] auto commit
[15:55:28] maxCommitCount：4
[15:55:32] auto commit succeed
[15:57:36] auto commit
[15:57:36] maxCommitCount：4
[15:57:42] auto commit succeed
