[00:06:39][error] 获取更新失败~
[00:06:39][error] Error: fatal: unable to access 'https://github.com/xxxily/auto-commit/': LibreSSL SSL_connect: SSL_ERROR_SYSCALL in connection to github.com:443
[00:06:39] auto commit
[00:06:39] maxCommitCount：5
[00:06:42][error] 获取更新失败~
[00:06:42][error] Error: fatal: unable to access 'https://github.com/xxxily/auto-commit/': LibreSSL SSL_connect: SSL_ERROR_SYSCALL in connection to github.com:443
[00:06:42][error] 获取更新失败~
[00:06:42][error] Error: fatal: unable to access 'https://github.com/xxxily/auto-commit/': LibreSSL SSL_connect: SSL_ERROR_SYSCALL in connection to github.com:443
[00:06:42] auto commit
[00:06:42] maxCommitCount：7
[00:06:45][error] 获取更新失败~
[00:06:45][error] Error: fatal: unable to access 'https://github.com/xxxily/auto-commit/': LibreSSL SSL_connect: SSL_ERROR_SYSCALL in connection to github.com:443
[00:06:45][error] 获取更新失败~
[00:06:45][error] Error: fatal: unable to access 'https://github.com/xxxily/auto-commit/': LibreSSL SSL_connect: SSL_ERROR_SYSCALL in connection to github.com:443
[00:06:45] auto commit
[00:06:45] maxCommitCount：2
[00:06:48][error] 获取更新失败~
[00:06:48][error] Error: fatal: unable to access 'https://github.com/xxxily/auto-commit/': LibreSSL SSL_connect: SSL_ERROR_SYSCALL in connection to github.com:443
[00:06:48][error] 获取更新失败~
[00:06:48][error] Error: fatal: unable to access 'https://github.com/xxxily/auto-commit/': LibreSSL SSL_connect: SSL_ERROR_SYSCALL in connection to github.com:443
[00:06:48] auto commit
[00:06:48] maxCommitCount：10
[00:06:51][error] 获取更新失败~
[00:06:51][error] Error: fatal: unable to access 'https://github.com/xxxily/auto-commit/': LibreSSL SSL_connect: SSL_ERROR_SYSCALL in connection to github.com:443
[00:06:51][error] 获取更新失败~
[00:06:51][error] Error: fatal: unable to access 'https://github.com/xxxily/auto-commit/': LibreSSL SSL_connect: SSL_ERROR_SYSCALL in connection to github.com:443
[00:06:51] auto commit
[00:06:51] maxCommitCount：6
[00:06:54][error] 获取更新失败~
[00:06:54][error] Error: fatal: unable to access 'https://github.com/xxxily/auto-commit/': LibreSSL SSL_connect: SSL_ERROR_SYSCALL in connection to github.com:443
[00:06:54][error] 获取更新失败~
[00:06:54][error] Error: fatal: unable to access 'https://github.com/xxxily/auto-commit/': LibreSSL SSL_connect: SSL_ERROR_SYSCALL in connection to github.com:443
[00:06:54] auto commit
[00:06:54] maxCommitCount：10
[00:06:57][error] 获取更新失败~
[00:06:57][error] Error: fatal: unable to access 'https://github.com/xxxily/auto-commit/': LibreSSL SSL_connect: SSL_ERROR_SYSCALL in connection to github.com:443
[00:06:57][error] 获取更新失败~
[00:06:57][error] Error: fatal: unable to access 'https://github.com/xxxily/auto-commit/': LibreSSL SSL_connect: SSL_ERROR_SYSCALL in connection to github.com:443
[00:06:57] auto commit
[00:06:57] maxCommitCount：6
[00:07:00][error] 获取更新失败~
[00:07:00][error] Error: fatal: unable to access 'https://github.com/xxxily/auto-commit/': LibreSSL SSL_connect: SSL_ERROR_SYSCALL in connection to github.com:443
[00:07:00][error] 获取更新失败~
[00:07:00][error] Error: fatal: unable to access 'https://github.com/xxxily/auto-commit/': LibreSSL SSL_connect: SSL_ERROR_SYSCALL in connection to github.com:443
[00:07:00] auto commit
[00:07:00] maxCommitCount：4
[00:07:03][error] 获取更新失败~
[00:07:03][error] Error: fatal: unable to access 'https://github.com/xxxily/auto-commit/': LibreSSL SSL_connect: SSL_ERROR_SYSCALL in connection to github.com:443
[00:07:03][error] 获取更新失败~
[00:07:03][error] Error: fatal: unable to access 'https://github.com/xxxily/auto-commit/': LibreSSL SSL_connect: SSL_ERROR_SYSCALL in connection to github.com:443
[00:07:04] auto commit
[00:07:04] maxCommitCount：8
[00:07:06][error] 获取更新失败~
[00:07:06][error] Error: fatal: unable to access 'https://github.com/xxxily/auto-commit/': LibreSSL SSL_connect: SSL_ERROR_SYSCALL in connection to github.com:443
[00:07:07][error] 获取更新失败~
[00:07:07][error] Error: fatal: unable to access 'https://github.com/xxxily/auto-commit/': LibreSSL SSL_connect: SSL_ERROR_SYSCALL in connection to github.com:443
[00:07:07] auto commit
[00:07:07] maxCommitCount：7
[00:07:10][error] 获取更新失败~
[00:07:10][error] Error: fatal: unable to access 'https://github.com/xxxily/auto-commit/': LibreSSL SSL_connect: SSL_ERROR_SYSCALL in connection to github.com:443
[00:07:10][error] 获取更新失败~
[00:07:10][error] Error: fatal: unable to access 'https://github.com/xxxily/auto-commit/': LibreSSL SSL_connect: SSL_ERROR_SYSCALL in connection to github.com:443
[00:07:10] auto commit
[00:07:10] maxCommitCount：1
[00:07:13][error] 获取更新失败~
[00:07:13][error] Error: fatal: unable to access 'https://github.com/xxxily/auto-commit/': LibreSSL SSL_connect: SSL_ERROR_SYSCALL in connection to github.com:443
[00:07:14] auto commit
[00:07:14] maxCommitCount：5
[00:07:17] auto commit succeed
[00:09:18] auto commit
[00:09:18] maxCommitCount：5
[00:09:20] auto commit succeed
[00:11:21] auto commit
[00:11:21] maxCommitCount：5
[00:11:23] auto commit succeed
[00:13:24] auto commit
[00:13:24] maxCommitCount：5
[00:13:26] auto commit succeed
